\e[33mRunning ./open_spiel/scripts/build_and_run_tests.sh from /Users/mustafatapkan/Desktop/GitHub/open_spiel\e[0m
\e[33mReusing virtualenv from ./venv.\e[0m
\e[33mSkipping installation of requirements.txt.\e[0m
Building and testing in /Users/mustafatapkan/Desktop/GitHub/open_spiel/build using 'python' (version 3.8.5).
[1;33mCurrent build type is: Testing[m
[1;33mBUILD_WITH_ACPC: OFF [m
[1;33mBUILD_WITH_EIGEN: OFF [m
[1;33mBUILD_WITH_HANABI: OFF [m
[1;33mBUILD_WITH_JULIA: OFF [m
[1;33mBUILD_WITH_LIBTORCH: OFF [m
[1;33mBUILD_WITH_TENSORFLOW_CC: OFF [m
[1;33mBUILD_WITH_PUBLIC_STATES: OFF [m
[1;33mBUILD_WITH_PYTHON: ON [m
[1;33mBUILD_WITH_XINXIN: OFF [m
[1;33mBUILD_WITH_ROSHAMBO: OFF [m
[1;33mBUILD_WITH_GAMUT: OFF [m
[1;33mBUILD_WITH_ORTOOLS: OFF [m
Python include dirs: /Users/mustafatapkan/anaconda3/include/python3.8
-- Configuring done
-- Generating done
-- Build files have been written to: /Users/mustafatapkan/Desktop/GitHub/open_spiel/build
Building project
[  0%] Built target absl_log_severity
[  0%] Built target absl_strerror
[  1%] Built target absl_spinlock_wait
[  1%] Built target absl_exponential_biased
[  3%] Built target absl_time_zone
[  5%] Built target open_spiel_core
[  5%] Built target absl_flags_commandlineflag_internal
[  6%] Built target absl_civil_time
[  6%] Built target absl_leak_check
[  6%] Built target absl_leak_check_disable
[  7%] Built target absl_int128
[  7%] Built target absl_city
[  7%] Built target absl_random_internal_platform
[ 10%] Built target absl_periodic_sampler
[ 10%] Built target absl_random_seed_gen_exception
[ 10%] Built target absl_raw_logging_internal
[ 10%] Built target absl_scoped_set_env
[ 10%] Built target absl_random_internal_randen_slow
[ 12%] Built target absl_bad_optional_access
[ 12%] Built target absl_throw_delegate
[ 12%] Built target absl_random_internal_randen_hwaes_impl
[ 13%] Built target absl_base
[ 14%] Built target absl_random_internal_randen_hwaes
[ 14%] Built target absl_bad_variant_access
[ 14%] Built target absl_debugging_internal
[ 14%] Built target absl_bad_any_cast_impl
[ 15%] Built target absl_strings_internal
[ 18%] Built target absl_stacktrace
[ 18%] Built target absl_demangle_internal
[ 18%] Built target absl_malloc_internal
[ 18%] Built target absl_random_internal_randen
[ 21%] Built target absl_strings
[ 22%] Built target absl_graphcycles_internal
[ 23%] Built target absl_hash
[ 23%] Built target absl_flags_commandlineflag
[ 23%] Built target absl_symbolize
[ 24%] Built target absl_time
[ 25%] Built target absl_str_format_internal
[ 26%] Built target absl_cord
[ 26%] Built target absl_examine_stack
[ 26%] Built target absl_random_distributions
[ 27%] Built target absl_statusor
[ 27%] Built target absl_random_internal_seed_material
[ 28%] Built target absl_synchronization
[ 28%] Built target absl_flags_marshalling
[ 29%] Built target absl_flags_private_handle_accessor
[ 29%] Built target absl_failure_signal_handler
[ 30%] Built target absl_random_internal_distribution_test_util
[ 30%] Built target absl_status
[ 30%] Built target absl_random_internal_pool_urbg
[ 30%] Built target absl_hashtablez_sampler
[ 30%] Built target absl_flags_program_name
[ 30%] Built target absl_random_seed_sequences
[ 30%] Built target absl_raw_hash_set
[ 30%] Built target absl_flags_config
[ 31%] Built target absl_flags_internal
[ 32%] Built target absl_flags_reflection
[ 32%] Built target absl_flags
[ 32%] Built target absl_flags_usage_internal
[ 32%] Built target absl_flags_usage
[ 32%] Built target absl_flags_parse
[ 32%] Built target tests
[ 37%] Built target bridge_double_dummy_solver
[ 39%] Built target utils
[ 40%] Built target game_transforms
[ 41%] Built target matrix_example
Scanning dependencies of target algorithms
Scanning dependencies of target games
[ 42%] Building CXX object algorithms/CMakeFiles/algorithms.dir/minimax.cc.o
[ 42%] Building CXX object games/CMakeFiles/games.dir/dark_hex.cc.o
[ 42%] Building CXX object games/CMakeFiles/games.dir/phantom_ttt.cc.o
[ 42%] Building CXX object games/CMakeFiles/games.dir/tic_tac_toe.cc.o
[ 47%] Built target algorithms
[ 59%] Built target games
[ 59%] Linking CXX executable tensor_game_utils_test
[ 59%] Linking CXX executable trajectories_test
[ 59%] Linking CXX executable state_distribution_test
[ 59%] Linking CXX executable infostate_tree_test
[ 59%] Linking CXX executable cfr_br_test
Scanning dependencies of target tabular_exploitability_test
[ 59%] Building CXX object algorithms/CMakeFiles/tabular_exploitability_test.dir/tabular_exploitability_test.cc.o
[ 59%] Built target tensor_game_utils_test
[ 59%] Built target state_distribution_test
[ 59%] Built target infostate_tree_test
[ 60%] Built target trajectories_test
[ 60%] Built target cfr_br_test
[ 60%] Linking CXX executable outcome_sampling_mccfr_test
Scanning dependencies of target minimax_test
[ 60%] Linking CXX executable corr_dev_builder_test
[ 60%] Linking CXX executable matrix_game_utils_test
[ 61%] Linking CXX executable is_mcts_test
[ 61%] Building CXX object algorithms/CMakeFiles/minimax_test.dir/minimax_test.cc.o
[ 62%] Built target outcome_sampling_mccfr_test
[ 62%] Linking CXX executable minimax_test
[ 62%] Built target matrix_game_utils_test
[ 62%] Built target is_mcts_test
[ 63%] Built target corr_dev_builder_test
Scanning dependencies of target get_all_histories_test
[ 63%] Linking CXX executable get_legal_actions_map_test
[ 63%] Building CXX object algorithms/CMakeFiles/get_all_histories_test.dir/get_all_histories_test.cc.o
Scanning dependencies of target best_response_test
[ 63%] Linking CXX executable external_sampling_mccfr_test
[ 64%] Building CXX object algorithms/CMakeFiles/best_response_test.dir/best_response_test.cc.o
[ 64%] Linking CXX executable tabular_exploitability_test
[ 64%] Built target minimax_test
[ 64%] Linking CXX executable corr_dist_test
[ 64%] Built target get_legal_actions_map_test
[ 64%] Built target external_sampling_mccfr_test
[ 64%] Linking CXX executable get_all_histories_test
[ 64%] Linking CXX executable evaluate_bots_test
[ 64%] Linking CXX executable deterministic_policy_test
[ 64%] Built target tabular_exploitability_test
Scanning dependencies of target cfr_test
[ 65%] Building CXX object algorithms/CMakeFiles/cfr_test.dir/cfr_test.cc.o
[ 65%] Built target corr_dist_test
[ 65%] Built target get_all_histories_test
[ 65%] Built target deterministic_policy_test
[ 65%] Built target evaluate_bots_test
[ 66%] Linking CXX executable oos_test
Scanning dependencies of target get_all_states_test
Scanning dependencies of target history_tree_test
Scanning dependencies of target sarsa_example
[ 67%] Building CXX object algorithms/CMakeFiles/get_all_states_test.dir/get_all_states_test.cc.o
[ 67%] Building CXX object algorithms/CMakeFiles/history_tree_test.dir/history_tree_test.cc.o
[ 67%] Building CXX object examples/CMakeFiles/sarsa_example.dir/sarsa_example.cc.o
[ 67%] Linking CXX executable best_response_test
[ 67%] Built target oos_test
[ 67%] Linking CXX executable get_all_states_test
Scanning dependencies of target value_iteration_example
[ 67%] Building CXX object examples/CMakeFiles/value_iteration_example.dir/value_iteration_example.cc.o
[ 67%] Linking CXX executable cfr_test
[ 67%] Built target best_response_test
Scanning dependencies of target policy_iteration_example
[ 67%] Building CXX object examples/CMakeFiles/policy_iteration_example.dir/policy_iteration_example.cc.o
[ 67%] Linking CXX executable sarsa_example
[ 67%] Built target get_all_states_test
[ 67%] Linking CXX executable mcts_example
[ 67%] Linking CXX executable value_iteration_example
[ 67%] Built target cfr_test
[ 67%] Linking CXX executable cfr_example
[ 67%] Linking CXX executable history_tree_test
[ 67%] Built target sarsa_example
[ 67%] Linking CXX executable example
[ 68%] Linking CXX executable policy_iteration_example
[ 69%] Built target mcts_example
[ 69%] Built target value_iteration_example
[ 69%] Linking CXX executable cfr_multi_equilibria_example
[ 69%] Linking CXX executable count_all_states
[ 69%] Built target cfr_example
[ 69%] Linking CXX executable gtp
[ 69%] Built target history_tree_test
[ 69%] Linking CXX executable benchmark_game
[ 70%] Built target example
[ 70%] Linking CXX executable observation_history_test
[ 70%] Built target policy_iteration_example
[ 70%] Linking CXX executable tiny_hanabi_test
[ 70%] Built target count_all_states
[ 70%] Linking CXX executable tiny_bridge_test
[ 70%] Built target cfr_multi_equilibria_example
[ 71%] Linking CXX executable tarok_test
[ 71%] Built target gtp
[ 71%] Built target benchmark_game
[ 71%] Linking CXX executable solitaire_test
[ 71%] Built target observation_history_test
[ 71%] Linking CXX executable kuhn_poker_test
[ 72%] Linking CXX executable skat_test
[ 72%] Built target tiny_hanabi_test
[ 72%] Linking CXX executable sheriff_test
[ 72%] Built target tiny_bridge_test
[ 72%] Built target tarok_test
[ 73%] Linking CXX executable quoridor_test
[ 73%] Linking CXX executable pig_test
[ 73%] Built target solitaire_test
[ 73%] Linking CXX executable oware_test
[ 73%] Built target kuhn_poker_test
[ 73%] Built target skat_test
[ 73%] Linking CXX executable othello_test
[ 73%] Linking CXX executable oh_hell_test
[ 73%] Built target sheriff_test
[ 73%] Linking CXX executable first_sealed_auction_test
[ 73%] Built target quoridor_test
[ 73%] Built target pig_test
[ 74%] Linking CXX executable pentago_test
[ 75%] Linking CXX executable y_test
[ 75%] Built target oware_test
[ 75%] Linking CXX executable hearts_test
[ 75%] Built target othello_test
[ 75%] Built target oh_hell_test
[ 75%] Linking CXX executable nfg_game_test
[ 75%] Linking CXX executable laser_tag_test
[ 76%] Built target first_sealed_auction_test
[ 76%] Linking CXX executable negotiation_test
[ 76%] Built target y_test
[ 76%] Built target pentago_test
[ 76%] Built target hearts_test
[ 76%] Linking CXX executable matrix_games_test
[ 76%] Linking CXX executable connect_four_test
[ 76%] Linking CXX executable matching_pennies_3p_test
[ 76%] Built target nfg_game_test
[ 77%] Linking CXX executable tic_tac_toe_test
[ 78%] Built target laser_tag_test
[ 78%] Linking CXX executable lewis_signaling_test
[ 79%] Built target negotiation_test
[ 80%] Linking CXX executable efg_game_test
[ 80%] Built target matrix_games_test
[ 80%] Built target connect_four_test
[ 80%] Built target matching_pennies_3p_test
[ 80%] Built target tic_tac_toe_test
[ 80%] Linking CXX executable havannah_test
[ 80%] Linking CXX executable go_test
[ 80%] Linking CXX executable goofspiel_test
[ 80%] Built target lewis_signaling_test
[ 80%] Linking CXX executable stones_and_gems_test
[ 80%] Linking CXX executable liars_dice_test
[ 80%] Built target efg_game_test
[ 80%] Linking CXX executable cursor_go_test
[ 81%] Built target go_test
[ 82%] Built target havannah_test
[ 82%] Built target goofspiel_test
[ 83%] Built target stones_and_gems_test
[ 83%] Linking CXX executable coop_box_pushing_test
[ 84%] Built target liars_dice_test
[ 84%] Linking CXX executable battleship_test
[ 85%] Linking CXX executable backgammon_test
[ 85%] Linking CXX executable markov_soccer_test
[ 85%] Linking CXX executable coordinated_mp_test
[ 86%] Built target cursor_go_test
[ 86%] Linking CXX executable oshi_zumo_test
[ 87%] Built target coop_box_pushing_test
[ 87%] Built target markov_soccer_test
[ 87%] Built target backgammon_test
[ 87%] Built target coordinated_mp_test
[ 87%] Linking CXX executable deep_sea_test
[ 87%] Built target battleship_test
[ 88%] Linking CXX executable coin_game_test
[ 88%] Linking CXX executable chess_test
[ 88%] Linking CXX executable phantom_ttt_test
[ 88%] Linking CXX executable catch_test
[ 88%] Built target oshi_zumo_test
[ 89%] Linking CXX executable trade_comm_test
[ 89%] Built target deep_sea_test
[ 89%] Built target phantom_ttt_test
[ 89%] Built target coin_game_test
[ 89%] Built target catch_test
[ 89%] Built target chess_test
[ 89%] Linking CXX executable blotto_test
[ 89%] Linking CXX executable blackjack_test
[ 89%] Linking CXX executable bridge_test
[ 89%] Linking CXX executable dark_hex_test
[ 89%] Linking CXX executable cliff_walking_test
[ 89%] Built target trade_comm_test
[ 90%] Linking CXX executable hex_test
[ 90%] Built target blotto_test
[ 90%] Built target blackjack_test
[ 90%] Built target dark_hex_test
[ 90%] Built target cliff_walking_test
[ 90%] Built target bridge_test
[ 90%] Linking CXX executable gin_rummy_test
[ 90%] Linking CXX executable clobber_test
[ 90%] Linking CXX executable breakthrough_test
[ 90%] Linking CXX executable leduc_poker_test
[ 90%] Linking CXX executable start_at_test
[ 90%] Built target hex_test
[ 90%] Linking CXX executable repeated_game_test
[ 90%] Built target gin_rummy_test
[ 90%] Built target clobber_test
[ 91%] Built target breakthrough_test
[ 91%] Built target leduc_poker_test
[ 91%] Built target repeated_game_test
[ 92%] Built target start_at_test
[ 92%] Linking CXX executable efg_writer_test
[ 92%] Linking CXX executable coop_to_1p_test
[ 92%] Linking CXX executable turn_based_simultaneous_game_test
[ 93%] Linking CXX executable normal_form_extensive_game_test
[ 93%] Linking CXX executable misere_test
[ 93%] Linking CXX shared module pyspiel.so
[ 93%] Built target efg_writer_test
[ 93%] Built target coop_to_1p_test
[ 93%] Built target misere_test
[ 93%] Built target turn_based_simultaneous_game_test
[ 93%] Linking CXX executable tensor_view_test
[ 93%] Built target normal_form_extensive_game_test
[ 93%] Linking CXX executable stats_test
[ 93%] Linking CXX executable random_test
[ 94%] Linking CXX executable lru_cache_test
[ 94%] Linking CXX executable logger_test
[ 96%] Built target pyspiel
[ 96%] Linking CXX executable json_test
[ 96%] Built target tensor_view_test
[ 96%] Built target stats_test
[ 96%] Built target random_test
[ 96%] Built target logger_test
[ 96%] Linking CXX executable functional_test
[ 96%] Built target lru_cache_test
[ 97%] Linking CXX executable circular_buffer_test
[ 97%] Linking CXX executable thread_test
[ 97%] Linking CXX executable file_test
[ 97%] Linking CXX executable combinatorics_test
[ 97%] Built target json_test
[ 98%] Linking CXX executable data_logger_test
[ 98%] Built target functional_test
[ 98%] Built target circular_buffer_test
[ 98%] Linking CXX executable threaded_queue_test
[ 99%] Built target thread_test
[ 99%] Built target combinatorics_test
[ 99%] Built target file_test
[100%] Linking CXX executable run_python_test
Scanning dependencies of target spiel_test
[100%] Linking CXX executable action_view_test
[100%] Building CXX object tests/CMakeFiles/spiel_test.dir/spiel_test.cc.o
[100%] Built target data_logger_test
[100%] Built target threaded_queue_test
[100%] Built target run_python_test
[100%] Built target action_view_test
[100%] Linking CXX executable spiel_test
[100%] Built target spiel_test
Running all tests
Test project /Users/mustafatapkan/Desktop/GitHub/open_spiel/build
        Start  47: dark_hex_test
        Start  92: python_api_test
        Start  93: python_playthrough_test
        Start 162: python_spawn_test
        Start   2: cfr_test
        Start  80: laser_tag_test
        Start  22: trajectories_test
        Start 100: python_cfr_test
        Start   3: cfr_br_test
        Start  99: python_cfr_br_test
        Start 134: python_value_iteration_test
        Start 112: python_fictitious_play_test
        Start  18: outcome_sampling_mccfr_test
        Start 124: python_outcome_sampling_mccfr_test
        Start  89: normal_form_extensive_game_test
        Start   8: external_sampling_mccfr_test
        Start  17: oos_test
        Start 185: spiel_test
        Start 109: python_exploitability_descent_test
        Start 156: python_pyspiel_test
        Start 155: python_policy_test
        Start 158: python_sampled_stochastic_games_test
        Start 102: python_deep_cfr_tf2_test
        Start  33: battleship_test
  1/186 Test #162: python_spawn_test .................................***Failed    0.46 sec
Running tests under Python 3.8.5: /Users/mustafatapkan/Desktop/GitHub/open_spiel/venv/bin/python3
[ RUN      ] SpawnTest.test_spawn_works
[  FAILED  ] SpawnTest.test_spawn_works
======================================================================
ERROR: test_spawn_works (__main__.SpawnTest)
SpawnTest.test_spawn_works
----------------------------------------------------------------------
Traceback (most recent call last):
  File "/Users/mustafatapkan/Desktop/GitHub/open_spiel/open_spiel/python/utils/spawn_test.py", line 42, in test_spawn_works
    workers = [spawn.Process(worker_fn, kwargs={"worker_id": i})
  File "/Users/mustafatapkan/Desktop/GitHub/open_spiel/open_spiel/python/utils/spawn_test.py", line 42, in <listcomp>
    workers = [spawn.Process(worker_fn, kwargs={"worker_id": i})
  File "/Users/mustafatapkan/Desktop/GitHub/open_spiel/open_spiel/python/utils/spawn.py", line 65, in __init__
    self._process.start()
  File "/Users/mustafatapkan/anaconda3/lib/python3.8/multiprocessing/process.py", line 121, in start
    self._popen = self._Popen(self)
  File "/Users/mustafatapkan/anaconda3/lib/python3.8/multiprocessing/context.py", line 224, in _Popen
    return _default_context.get_context().Process._Popen(process_obj)
  File "/Users/mustafatapkan/anaconda3/lib/python3.8/multiprocessing/context.py", line 284, in _Popen
    return Popen(process_obj)
  File "/Users/mustafatapkan/anaconda3/lib/python3.8/multiprocessing/popen_spawn_posix.py", line 32, in __init__
    super().__init__(process_obj)
  File "/Users/mustafatapkan/anaconda3/lib/python3.8/multiprocessing/popen_fork.py", line 19, in __init__
    self._launch(process_obj)
  File "/Users/mustafatapkan/anaconda3/lib/python3.8/multiprocessing/popen_spawn_posix.py", line 47, in _launch
    reduction.dump(process_obj, fp)
  File "/Users/mustafatapkan/anaconda3/lib/python3.8/multiprocessing/reduction.py", line 60, in dump
    ForkingPickler(file, protocol).dump(obj)
AttributeError: Can't pickle local object 'SpawnTest.test_spawn_works.<locals>.worker_fn'

----------------------------------------------------------------------
Ran 1 test in 0.034s

FAILED (errors=1)

        Start  97: python_model_test
  2/186 Test  #47: dark_hex_test .....................................Child aborted***Exception:   0.77 sec
NoChanceOutcomesTest, game = dark_hex

RandomSimTest, game = dark_hex, num_sims = 5
Information state vector size: 214
Observation vector size: 27
Utility range: -1 1
Starting new game..
Initial state:
State:
. . . 
 . . . 
  . . . 
player 0
Rewards: 0 0
Assertion failed: (false && "i < size()"), function operator(), file /Users/mustafatapkan/Desktop/GitHub/open_spiel/open_spiel/../open_spiel/abseil-cpp/absl/types/span.h, line 278.

        Start  84: y_test
  3/186 Test  #92: python_api_test ...................................Child aborted***Exception:  51.34 sec
Running tests under Python 3.8.5: /Users/mustafatapkan/Desktop/GitHub/open_spiel/venv/bin/python3
[ RUN      ] absl.testing.parameterized.EnforceAPIFullTree_cliff_walking_Test.test_constant_sum
[       OK ] absl.testing.parameterized.EnforceAPIFullTree_cliff_walking_Test.test_constant_sum
[ RUN      ] absl.testing.parameterized.EnforceAPIFullTree_cliff_walking_Test.test_current_player_infosets_no_overlap_between_players
[       OK ] absl.testing.parameterized.EnforceAPIFullTree_cliff_walking_Test.test_current_player_infosets_no_overlap_between_players
[ RUN      ] absl.testing.parameterized.EnforceAPIFullTree_cliff_walking_Test.test_current_player_returns_terminal_player_on_terminal_nodes
[       OK ] absl.testing.parameterized.EnforceAPIFullTree_cliff_walking_Test.test_current_player_returns_terminal_player_on_terminal_nodes
[ RUN      ] absl.testing.parameterized.EnforceAPIFullTree_cliff_walking_Test.test_game_is_perfect_recall
[       OK ] absl.testing.parameterized.EnforceAPIFullTree_cliff_walking_Test.test_game_is_perfect_recall
[ RUN      ] absl.testing.parameterized.EnforceAPIFullTree_cliff_walking_Test.test_information_state_functions_raises_on_chance_nodes
[       OK ] absl.testing.parameterized.EnforceAPIFullTree_cliff_walking_Test.test_information_state_functions_raises_on_chance_nodes
[ RUN      ] absl.testing.parameterized.EnforceAPIFullTree_cliff_walking_Test.test_information_state_no_argument_raises_on_terminal_nodes
[       OK ] absl.testing.parameterized.EnforceAPIFullTree_cliff_walking_Test.test_information_state_no_argument_raises_on_terminal_nodes
[ RUN      ] absl.testing.parameterized.EnforceAPIFullTree_cliff_walking_Test.test_legal_actions_empty
[       OK ] absl.testing.parameterized.EnforceAPIFullTree_cliff_walking_Test.test_legal_actions_empty
[ RUN      ] absl.testing.parameterized.EnforceAPIFullTree_cliff_walking_Test.test_number_of_nodes
[       OK ] absl.testing.parameterized.EnforceAPIFullTree_cliff_walking_Test.test_number_of_nodes
[ RUN      ] absl.testing.parameterized.EnforceAPIFullTree_kuhn_poker_Test.test_constant_sum
[       OK ] absl.testing.parameterized.EnforceAPIFullTree_kuhn_poker_Test.test_constant_sum
[ RUN      ] absl.testing.parameterized.EnforceAPIFullTree_kuhn_poker_Test.test_current_player_infosets_no_overlap_between_players
[       OK ] absl.testing.parameterized.EnforceAPIFullTree_kuhn_poker_Test.test_current_player_infosets_no_overlap_between_players
[ RUN      ] absl.testing.parameterized.EnforceAPIFullTree_kuhn_poker_Test.test_current_player_returns_terminal_player_on_terminal_nodes
[       OK ] absl.testing.parameterized.EnforceAPIFullTree_kuhn_poker_Test.test_current_player_returns_terminal_player_on_terminal_nodes
[ RUN      ] absl.testing.parameterized.EnforceAPIFullTree_kuhn_poker_Test.test_game_is_perfect_recall
/Users/mustafatapkan/Desktop/GitHub/open_spiel/venv/lib/python3.8/site-packages/numpy/core/_asarray.py:83: VisibleDeprecationWarning: Creating an ndarray from ragged nested sequences (which is a list-or-tuple of lists-or-tuples-or ndarrays with different lengths or shapes) is deprecated. If you meant to do this, you must specify 'dtype=object' when creating the ndarray
  return array(a, dtype, copy=False, order=order)
[       OK ] absl.testing.parameterized.EnforceAPIFullTree_kuhn_poker_Test.test_game_is_perfect_recall
[ RUN      ] absl.testing.parameterized.EnforceAPIFullTree_kuhn_poker_Test.test_information_state_functions_raises_on_chance_nodes
[       OK ] absl.testing.parameterized.EnforceAPIFullTree_kuhn_poker_Test.test_information_state_functions_raises_on_chance_nodes
[ RUN      ] absl.testing.parameterized.EnforceAPIFullTree_kuhn_poker_Test.test_information_state_no_argument_raises_on_terminal_nodes
[       OK ] absl.testing.parameterized.EnforceAPIFullTree_kuhn_poker_Test.test_information_state_no_argument_raises_on_terminal_nodes
[ RUN      ] absl.testing.parameterized.EnforceAPIFullTree_kuhn_poker_Test.test_legal_actions_empty
[       OK ] absl.testing.parameterized.EnforceAPIFullTree_kuhn_poker_Test.test_legal_actions_empty
[ RUN      ] absl.testing.parameterized.EnforceAPIFullTree_kuhn_poker_Test.test_number_of_nodes
[       OK ] absl.testing.parameterized.EnforceAPIFullTree_kuhn_poker_Test.test_number_of_nodes
[ RUN      ] absl.testing.parameterized.EnforceAPIFullTree_leduc_poker_Test.test_constant_sum
[       OK ] absl.testing.parameterized.EnforceAPIFullTree_leduc_poker_Test.test_constant_sum
[ RUN      ] absl.testing.parameterized.EnforceAPIFullTree_leduc_poker_Test.test_current_player_infosets_no_overlap_between_players
[       OK ] absl.testing.parameterized.EnforceAPIFullTree_leduc_poker_Test.test_current_player_infosets_no_overlap_between_players
[ RUN      ] absl.testing.parameterized.EnforceAPIFullTree_leduc_poker_Test.test_current_player_returns_terminal_player_on_terminal_nodes
[       OK ] absl.testing.parameterized.EnforceAPIFullTree_leduc_poker_Test.test_current_player_returns_terminal_player_on_terminal_nodes
[ RUN      ] absl.testing.parameterized.EnforceAPIFullTree_leduc_poker_Test.test_game_is_perfect_recall
[       OK ] absl.testing.parameterized.EnforceAPIFullTree_leduc_poker_Test.test_game_is_perfect_recall
[ RUN      ] absl.testing.parameterized.EnforceAPIFullTree_leduc_poker_Test.test_information_state_functions_raises_on_chance_nodes
[       OK ] absl.testing.parameterized.EnforceAPIFullTree_leduc_poker_Test.test_information_state_functions_raises_on_chance_nodes
[ RUN      ] absl.testing.parameterized.EnforceAPIFullTree_leduc_poker_Test.test_information_state_no_argument_raises_on_terminal_nodes
[       OK ] absl.testing.parameterized.EnforceAPIFullTree_leduc_poker_Test.test_information_state_no_argument_raises_on_terminal_nodes
[ RUN      ] absl.testing.parameterized.EnforceAPIFullTree_leduc_poker_Test.test_legal_actions_empty
[       OK ] absl.testing.parameterized.EnforceAPIFullTree_leduc_poker_Test.test_legal_actions_empty
[ RUN      ] absl.testing.parameterized.EnforceAPIFullTree_leduc_poker_Test.test_number_of_nodes
[       OK ] absl.testing.parameterized.EnforceAPIFullTree_leduc_poker_Test.test_number_of_nodes
[ RUN      ] absl.testing.parameterized.EnforceAPIFullTree_iigoofspiel4_Test.test_constant_sum
[       OK ] absl.testing.parameterized.EnforceAPIFullTree_iigoofspiel4_Test.test_constant_sum
[ RUN      ] absl.testing.parameterized.EnforceAPIFullTree_iigoofspiel4_Test.test_current_player_infosets_no_overlap_between_players
[       OK ] absl.testing.parameterized.EnforceAPIFullTree_iigoofspiel4_Test.test_current_player_infosets_no_overlap_between_players
[ RUN      ] absl.testing.parameterized.EnforceAPIFullTree_iigoofspiel4_Test.test_current_player_returns_terminal_player_on_terminal_nodes
[       OK ] absl.testing.parameterized.EnforceAPIFullTree_iigoofspiel4_Test.test_current_player_returns_terminal_player_on_terminal_nodes
[ RUN      ] absl.testing.parameterized.EnforceAPIFullTree_iigoofspiel4_Test.test_game_is_perfect_recall
[       OK ] absl.testing.parameterized.EnforceAPIFullTree_iigoofspiel4_Test.test_game_is_perfect_recall
[ RUN      ] absl.testing.parameterized.EnforceAPIFullTree_iigoofspiel4_Test.test_information_state_functions_raises_on_chance_nodes
[       OK ] absl.testing.parameterized.EnforceAPIFullTree_iigoofspiel4_Test.test_information_state_functions_raises_on_chance_nodes
[ RUN      ] absl.testing.parameterized.EnforceAPIFullTree_iigoofspiel4_Test.test_information_state_no_argument_raises_on_terminal_nodes
[       OK ] absl.testing.parameterized.EnforceAPIFullTree_iigoofspiel4_Test.test_information_state_no_argument_raises_on_terminal_nodes
[ RUN      ] absl.testing.parameterized.EnforceAPIFullTree_iigoofspiel4_Test.test_legal_actions_empty
[       OK ] absl.testing.parameterized.EnforceAPIFullTree_iigoofspiel4_Test.test_legal_actions_empty
[ RUN      ] absl.testing.parameterized.EnforceAPIFullTree_iigoofspiel4_Test.test_number_of_nodes
[       OK ] absl.testing.parameterized.EnforceAPIFullTree_iigoofspiel4_Test.test_number_of_nodes
[ RUN      ] absl.testing.parameterized.EnforceAPIFullTree_kuhn_poker3p_Test.test_constant_sum
[       OK ] absl.testing.parameterized.EnforceAPIFullTree_kuhn_poker3p_Test.test_constant_sum
[ RUN      ] absl.testing.parameterized.EnforceAPIFullTree_kuhn_poker3p_Test.test_current_player_infosets_no_overlap_between_players
[       OK ] absl.testing.parameterized.EnforceAPIFullTree_kuhn_poker3p_Test.test_current_player_infosets_no_overlap_between_players
[ RUN      ] absl.testing.parameterized.EnforceAPIFullTree_kuhn_poker3p_Test.test_current_player_returns_terminal_player_on_terminal_nodes
[       OK ] absl.testing.parameterized.EnforceAPIFullTree_kuhn_poker3p_Test.test_current_player_returns_terminal_player_on_terminal_nodes
[ RUN      ] absl.testing.parameterized.EnforceAPIFullTree_kuhn_poker3p_Test.test_game_is_perfect_recall
[       OK ] absl.testing.parameterized.EnforceAPIFullTree_kuhn_poker3p_Test.test_game_is_perfect_recall
[ RUN      ] absl.testing.parameterized.EnforceAPIFullTree_kuhn_poker3p_Test.test_information_state_functions_raises_on_chance_nodes
[       OK ] absl.testing.parameterized.EnforceAPIFullTree_kuhn_poker3p_Test.test_information_state_functions_raises_on_chance_nodes
[ RUN      ] absl.testing.parameterized.EnforceAPIFullTree_kuhn_poker3p_Test.test_information_state_no_argument_raises_on_terminal_nodes
[       OK ] absl.testing.parameterized.EnforceAPIFullTree_kuhn_poker3p_Test.test_information_state_no_argument_raises_on_terminal_nodes
[ RUN      ] absl.testing.parameterized.EnforceAPIFullTree_kuhn_poker3p_Test.test_legal_actions_empty
[       OK ] absl.testing.parameterized.EnforceAPIFullTree_kuhn_poker3p_Test.test_legal_actions_empty
[ RUN      ] absl.testing.parameterized.EnforceAPIFullTree_kuhn_poker3p_Test.test_number_of_nodes
[       OK ] absl.testing.parameterized.EnforceAPIFullTree_kuhn_poker3p_Test.test_number_of_nodes
[ RUN      ] absl.testing.parameterized.EnforceAPIFullTree_first_sealed_auction_Test.test_constant_sum
[       OK ] absl.testing.parameterized.EnforceAPIFullTree_first_sealed_auction_Test.test_constant_sum
[ RUN      ] absl.testing.parameterized.EnforceAPIFullTree_first_sealed_auction_Test.test_current_player_infosets_no_overlap_between_players
[       OK ] absl.testing.parameterized.EnforceAPIFullTree_first_sealed_auction_Test.test_current_player_infosets_no_overlap_between_players
[ RUN      ] absl.testing.parameterized.EnforceAPIFullTree_first_sealed_auction_Test.test_current_player_returns_terminal_player_on_terminal_nodes
[       OK ] absl.testing.parameterized.EnforceAPIFullTree_first_sealed_auction_Test.test_current_player_returns_terminal_player_on_terminal_nodes
[ RUN      ] absl.testing.parameterized.EnforceAPIFullTree_first_sealed_auction_Test.test_game_is_perfect_recall
[       OK ] absl.testing.parameterized.EnforceAPIFullTree_first_sealed_auction_Test.test_game_is_perfect_recall
[ RUN      ] absl.testing.parameterized.EnforceAPIFullTree_first_sealed_auction_Test.test_information_state_functions_raises_on_chance_nodes
[       OK ] absl.testing.parameterized.EnforceAPIFullTree_first_sealed_auction_Test.test_information_state_functions_raises_on_chance_nodes
[ RUN      ] absl.testing.parameterized.EnforceAPIFullTree_first_sealed_auction_Test.test_information_state_no_argument_raises_on_terminal_nodes
[       OK ] absl.testing.parameterized.EnforceAPIFullTree_first_sealed_auction_Test.test_information_state_no_argument_raises_on_terminal_nodes
[ RUN      ] absl.testing.parameterized.EnforceAPIFullTree_first_sealed_auction_Test.test_legal_actions_empty
[       OK ] absl.testing.parameterized.EnforceAPIFullTree_first_sealed_auction_Test.test_legal_actions_empty
[ RUN      ] absl.testing.parameterized.EnforceAPIFullTree_first_sealed_auction_Test.test_number_of_nodes
[       OK ] absl.testing.parameterized.EnforceAPIFullTree_first_sealed_auction_Test.test_number_of_nodes
[ RUN      ] absl.testing.parameterized.EnforceAPIFullTree_tiny_hanabi_Test.test_constant_sum
[       OK ] absl.testing.parameterized.EnforceAPIFullTree_tiny_hanabi_Test.test_constant_sum
[ RUN      ] absl.testing.parameterized.EnforceAPIFullTree_tiny_hanabi_Test.test_current_player_infosets_no_overlap_between_players
[       OK ] absl.testing.parameterized.EnforceAPIFullTree_tiny_hanabi_Test.test_current_player_infosets_no_overlap_between_players
[ RUN      ] absl.testing.parameterized.EnforceAPIFullTree_tiny_hanabi_Test.test_current_player_returns_terminal_player_on_terminal_nodes
[       OK ] absl.testing.parameterized.EnforceAPIFullTree_tiny_hanabi_Test.test_current_player_returns_terminal_player_on_terminal_nodes
[ RUN      ] absl.testing.parameterized.EnforceAPIFullTree_tiny_hanabi_Test.test_game_is_perfect_recall
[       OK ] absl.testing.parameterized.EnforceAPIFullTree_tiny_hanabi_Test.test_game_is_perfect_recall
[ RUN      ] absl.testing.parameterized.EnforceAPIFullTree_tiny_hanabi_Test.test_information_state_functions_raises_on_chance_nodes
[       OK ] absl.testing.parameterized.EnforceAPIFullTree_tiny_hanabi_Test.test_information_state_functions_raises_on_chance_nodes
[ RUN      ] absl.testing.parameterized.EnforceAPIFullTree_tiny_hanabi_Test.test_information_state_no_argument_raises_on_terminal_nodes
[       OK ] absl.testing.parameterized.EnforceAPIFullTree_tiny_hanabi_Test.test_information_state_no_argument_raises_on_terminal_nodes
[ RUN      ] absl.testing.parameterized.EnforceAPIFullTree_tiny_hanabi_Test.test_legal_actions_empty
[       OK ] absl.testing.parameterized.EnforceAPIFullTree_tiny_hanabi_Test.test_legal_actions_empty
[ RUN      ] absl.testing.parameterized.EnforceAPIFullTree_tiny_hanabi_Test.test_number_of_nodes
[       OK ] absl.testing.parameterized.EnforceAPIFullTree_tiny_hanabi_Test.test_number_of_nodes
[ RUN      ] absl.testing.parameterized.EnforceAPIFullTree_nf_auction_Test.test_constant_sum
[       OK ] absl.testing.parameterized.EnforceAPIFullTree_nf_auction_Test.test_constant_sum
[ RUN      ] absl.testing.parameterized.EnforceAPIFullTree_nf_auction_Test.test_current_player_infosets_no_overlap_between_players
[       OK ] absl.testing.parameterized.EnforceAPIFullTree_nf_auction_Test.test_current_player_infosets_no_overlap_between_players
[ RUN      ] absl.testing.parameterized.EnforceAPIFullTree_nf_auction_Test.test_current_player_returns_terminal_player_on_terminal_nodes
[       OK ] absl.testing.parameterized.EnforceAPIFullTree_nf_auction_Test.test_current_player_returns_terminal_player_on_terminal_nodes
[ RUN      ] absl.testing.parameterized.EnforceAPIFullTree_nf_auction_Test.test_game_is_perfect_recall
[       OK ] absl.testing.parameterized.EnforceAPIFullTree_nf_auction_Test.test_game_is_perfect_recall
[ RUN      ] absl.testing.parameterized.EnforceAPIFullTree_nf_auction_Test.test_information_state_functions_raises_on_chance_nodes
[       OK ] absl.testing.parameterized.EnforceAPIFullTree_nf_auction_Test.test_information_state_functions_raises_on_chance_nodes
[ RUN      ] absl.testing.parameterized.EnforceAPIFullTree_nf_auction_Test.test_information_state_no_argument_raises_on_terminal_nodes
[       OK ] absl.testing.parameterized.EnforceAPIFullTree_nf_auction_Test.test_information_state_no_argument_raises_on_terminal_nodes
[ RUN      ] absl.testing.parameterized.EnforceAPIFullTree_nf_auction_Test.test_legal_actions_empty
[       OK ] absl.testing.parameterized.EnforceAPIFullTree_nf_auction_Test.test_legal_actions_empty
[ RUN      ] absl.testing.parameterized.EnforceAPIFullTree_nf_auction_Test.test_number_of_nodes
[       OK ] absl.testing.parameterized.EnforceAPIFullTree_nf_auction_Test.test_number_of_nodes
[ RUN      ] absl.testing.parameterized.EnforceAPIPartialTree_coordinated_mp_Test.test_legal_actions_returns_empty_list_on_opponent
[       OK ] absl.testing.parameterized.EnforceAPIPartialTree_coordinated_mp_Test.test_legal_actions_returns_empty_list_on_opponent
[ RUN      ] absl.testing.parameterized.EnforceAPIPartialTree_coordinated_mp_Test.test_no_invalid_public_observations
[       OK ] absl.testing.parameterized.EnforceAPIPartialTree_coordinated_mp_Test.test_no_invalid_public_observations
[ RUN      ] absl.testing.parameterized.EnforceAPIPartialTree_coordinated_mp_Test.test_observation_consistency
[       OK ] absl.testing.parameterized.EnforceAPIPartialTree_coordinated_mp_Test.test_observation_consistency
[ RUN      ] absl.testing.parameterized.EnforceAPIPartialTree_coordinated_mp_Test.test_observations_raises_error_on_invalid_player
[       OK ] absl.testing.parameterized.EnforceAPIPartialTree_coordinated_mp_Test.test_observations_raises_error_on_invalid_player
[ RUN      ] absl.testing.parameterized.EnforceAPIPartialTree_coordinated_mp_Test.test_private_information_contents
[       OK ] absl.testing.parameterized.EnforceAPIPartialTree_coordinated_mp_Test.test_private_information_contents
[ RUN      ] absl.testing.parameterized.EnforceAPIPartialTree_coordinated_mp_Test.test_sequence_lengths
[       OK ] absl.testing.parameterized.EnforceAPIPartialTree_coordinated_mp_Test.test_sequence_lengths
[ RUN      ] absl.testing.parameterized.EnforceAPIPartialTree_first_sealed_auction_Test.test_legal_actions_returns_empty_list_on_opponent
[       OK ] absl.testing.parameterized.EnforceAPIPartialTree_first_sealed_auction_Test.test_legal_actions_returns_empty_list_on_opponent
[ RUN      ] absl.testing.parameterized.EnforceAPIPartialTree_first_sealed_auction_Test.test_no_invalid_public_observations
[       OK ] absl.testing.parameterized.EnforceAPIPartialTree_first_sealed_auction_Test.test_no_invalid_public_observations
[ RUN      ] absl.testing.parameterized.EnforceAPIPartialTree_first_sealed_auction_Test.test_observation_consistency
[       OK ] absl.testing.parameterized.EnforceAPIPartialTree_first_sealed_auction_Test.test_observation_consistency
[ RUN      ] absl.testing.parameterized.EnforceAPIPartialTree_first_sealed_auction_Test.test_observations_raises_error_on_invalid_player
[       OK ] absl.testing.parameterized.EnforceAPIPartialTree_first_sealed_auction_Test.test_observations_raises_error_on_invalid_player
[ RUN      ] absl.testing.parameterized.EnforceAPIPartialTree_first_sealed_auction_Test.test_private_information_contents
[       OK ] absl.testing.parameterized.EnforceAPIPartialTree_first_sealed_auction_Test.test_private_information_contents
[ RUN      ] absl.testing.parameterized.EnforceAPIPartialTree_first_sealed_auction_Test.test_sequence_lengths
[       OK ] absl.testing.parameterized.EnforceAPIPartialTree_first_sealed_auction_Test.test_sequence_lengths
[ RUN      ] absl.testing.parameterized.EnforceAPIPartialTree_skat_Test.test_legal_actions_returns_empty_list_on_opponent
[       OK ] absl.testing.parameterized.EnforceAPIPartialTree_skat_Test.test_legal_actions_returns_empty_list_on_opponent
[ RUN      ] absl.testing.parameterized.EnforceAPIPartialTree_skat_Test.test_no_invalid_public_observations
[       OK ] absl.testing.parameterized.EnforceAPIPartialTree_skat_Test.test_no_invalid_public_observations
[ RUN      ] absl.testing.parameterized.EnforceAPIPartialTree_skat_Test.test_observation_consistency
[       OK ] absl.testing.parameterized.EnforceAPIPartialTree_skat_Test.test_observation_consistency
[ RUN      ] absl.testing.parameterized.EnforceAPIPartialTree_skat_Test.test_observations_raises_error_on_invalid_player
[       OK ] absl.testing.parameterized.EnforceAPIPartialTree_skat_Test.test_observations_raises_error_on_invalid_player
[ RUN      ] absl.testing.parameterized.EnforceAPIPartialTree_skat_Test.test_private_information_contents
[       OK ] absl.testing.parameterized.EnforceAPIPartialTree_skat_Test.test_private_information_contents
[ RUN      ] absl.testing.parameterized.EnforceAPIPartialTree_skat_Test.test_sequence_lengths
[       OK ] absl.testing.parameterized.EnforceAPIPartialTree_skat_Test.test_sequence_lengths
[ RUN      ] absl.testing.parameterized.EnforceAPIPartialTree_matching_pennies_3p_Test.test_legal_actions_returns_empty_list_on_opponent
[       OK ] absl.testing.parameterized.EnforceAPIPartialTree_matching_pennies_3p_Test.test_legal_actions_returns_empty_list_on_opponent
[ RUN      ] absl.testing.parameterized.EnforceAPIPartialTree_matching_pennies_3p_Test.test_no_invalid_public_observations
[       OK ] absl.testing.parameterized.EnforceAPIPartialTree_matching_pennies_3p_Test.test_no_invalid_public_observations
[ RUN      ] absl.testing.parameterized.EnforceAPIPartialTree_matching_pennies_3p_Test.test_observation_consistency
[       OK ] absl.testing.parameterized.EnforceAPIPartialTree_matching_pennies_3p_Test.test_observation_consistency
[ RUN      ] absl.testing.parameterized.EnforceAPIPartialTree_matching_pennies_3p_Test.test_observations_raises_error_on_invalid_player
[       OK ] absl.testing.parameterized.EnforceAPIPartialTree_matching_pennies_3p_Test.test_observations_raises_error_on_invalid_player
[ RUN      ] absl.testing.parameterized.EnforceAPIPartialTree_matching_pennies_3p_Test.test_private_information_contents
[       OK ] absl.testing.parameterized.EnforceAPIPartialTree_matching_pennies_3p_Test.test_private_information_contents
[ RUN      ] absl.testing.parameterized.EnforceAPIPartialTree_matching_pennies_3p_Test.test_sequence_lengths
[       OK ] absl.testing.parameterized.EnforceAPIPartialTree_matching_pennies_3p_Test.test_sequence_lengths
[ RUN      ] absl.testing.parameterized.EnforceAPIPartialTree_connect_four_Test.test_legal_actions_returns_empty_list_on_opponent
[       OK ] absl.testing.parameterized.EnforceAPIPartialTree_connect_four_Test.test_legal_actions_returns_empty_list_on_opponent
[ RUN      ] absl.testing.parameterized.EnforceAPIPartialTree_connect_four_Test.test_no_invalid_public_observations
[       OK ] absl.testing.parameterized.EnforceAPIPartialTree_connect_four_Test.test_no_invalid_public_observations
[ RUN      ] absl.testing.parameterized.EnforceAPIPartialTree_connect_four_Test.test_observation_consistency
[       OK ] absl.testing.parameterized.EnforceAPIPartialTree_connect_four_Test.test_observation_consistency
[ RUN      ] absl.testing.parameterized.EnforceAPIPartialTree_connect_four_Test.test_observations_raises_error_on_invalid_player
[       OK ] absl.testing.parameterized.EnforceAPIPartialTree_connect_four_Test.test_observations_raises_error_on_invalid_player
[ RUN      ] absl.testing.parameterized.EnforceAPIPartialTree_connect_four_Test.test_private_information_contents
[       OK ] absl.testing.parameterized.EnforceAPIPartialTree_connect_four_Test.test_private_information_contents
[ RUN      ] absl.testing.parameterized.EnforceAPIPartialTree_connect_four_Test.test_sequence_lengths
[       OK ] absl.testing.parameterized.EnforceAPIPartialTree_connect_four_Test.test_sequence_lengths
[ RUN      ] absl.testing.parameterized.EnforceAPIPartialTree_blackjack_Test.test_legal_actions_returns_empty_list_on_opponent
[       OK ] absl.testing.parameterized.EnforceAPIPartialTree_blackjack_Test.test_legal_actions_returns_empty_list_on_opponent
[ RUN      ] absl.testing.parameterized.EnforceAPIPartialTree_blackjack_Test.test_no_invalid_public_observations
[       OK ] absl.testing.parameterized.EnforceAPIPartialTree_blackjack_Test.test_no_invalid_public_observations
[ RUN      ] absl.testing.parameterized.EnforceAPIPartialTree_blackjack_Test.test_observation_consistency
[       OK ] absl.testing.parameterized.EnforceAPIPartialTree_blackjack_Test.test_observation_consistency
[ RUN      ] absl.testing.parameterized.EnforceAPIPartialTree_blackjack_Test.test_observations_raises_error_on_invalid_player
[       OK ] absl.testing.parameterized.EnforceAPIPartialTree_blackjack_Test.test_observations_raises_error_on_invalid_player
[ RUN      ] absl.testing.parameterized.EnforceAPIPartialTree_blackjack_Test.test_private_information_contents
[       OK ] absl.testing.parameterized.EnforceAPIPartialTree_blackjack_Test.test_private_information_contents
[ RUN      ] absl.testing.parameterized.EnforceAPIPartialTree_blackjack_Test.test_sequence_lengths
[       OK ] absl.testing.parameterized.EnforceAPIPartialTree_blackjack_Test.test_sequence_lengths
[ RUN      ] absl.testing.parameterized.EnforceAPIPartialTree_dark_hex_Test.test_legal_actions_returns_empty_list_on_opponent
[       OK ] absl.testing.parameterized.EnforceAPIPartialTree_dark_hex_Test.test_legal_actions_returns_empty_list_on_opponent
[ RUN      ] absl.testing.parameterized.EnforceAPIPartialTree_dark_hex_Test.test_no_invalid_public_observations
[       OK ] absl.testing.parameterized.EnforceAPIPartialTree_dark_hex_Test.test_no_invalid_public_observations
[ RUN      ] absl.testing.parameterized.EnforceAPIPartialTree_dark_hex_Test.test_observation_consistency
[       OK ] absl.testing.parameterized.EnforceAPIPartialTree_dark_hex_Test.test_observation_consistency
[ RUN      ] absl.testing.parameterized.EnforceAPIPartialTree_dark_hex_Test.test_observations_raises_error_on_invalid_player
Assertion failed: (false && "i < size()"), function operator(), file /Users/mustafatapkan/Desktop/GitHub/open_spiel/open_spiel/../open_spiel/abseil-cpp/absl/types/span.h, line 278.
Fatal Python error: Aborted

Current thread 0x000000010df68e00 (most recent call first):
  File "/Users/mustafatapkan/Desktop/GitHub/open_spiel/open_spiel/python/../integration_tests/api_test.py", line 336 in test_observations_raises_error_on_invalid_player
  File "/Users/mustafatapkan/anaconda3/lib/python3.8/unittest/case.py", line 633 in _callTestMethod
  File "/Users/mustafatapkan/anaconda3/lib/python3.8/unittest/case.py", line 676 in run
  File "/Users/mustafatapkan/anaconda3/lib/python3.8/unittest/case.py", line 736 in __call__
  File "/Users/mustafatapkan/anaconda3/lib/python3.8/unittest/suite.py", line 122 in run
  File "/Users/mustafatapkan/anaconda3/lib/python3.8/unittest/suite.py", line 84 in __call__
  File "/Users/mustafatapkan/anaconda3/lib/python3.8/unittest/suite.py", line 122 in run
  File "/Users/mustafatapkan/anaconda3/lib/python3.8/unittest/suite.py", line 84 in __call__
  File "/Users/mustafatapkan/anaconda3/lib/python3.8/unittest/runner.py", line 176 in run
  File "/Users/mustafatapkan/Desktop/GitHub/open_spiel/venv/lib/python3.8/site-packages/absl/testing/_pretty_print_reporter.py", line 87 in run
  File "/Users/mustafatapkan/anaconda3/lib/python3.8/unittest/main.py", line 271 in runTests
  File "/Users/mustafatapkan/anaconda3/lib/python3.8/unittest/main.py", line 101 in __init__
  File "/Users/mustafatapkan/Desktop/GitHub/open_spiel/venv/lib/python3.8/site-packages/absl/testing/absltest.py", line 2401 in _run_and_get_tests_result
  File "/Users/mustafatapkan/Desktop/GitHub/open_spiel/venv/lib/python3.8/site-packages/absl/testing/absltest.py", line 2430 in run_tests
  File "/Users/mustafatapkan/Desktop/GitHub/open_spiel/venv/lib/python3.8/site-packages/absl/testing/absltest.py", line 2106 in _run_in_app
  File "/Users/mustafatapkan/Desktop/GitHub/open_spiel/venv/lib/python3.8/site-packages/absl/testing/absltest.py", line 1999 in main
  File "/Users/mustafatapkan/Desktop/GitHub/open_spiel/open_spiel/python/../integration_tests/api_test.py", line 751 in main
  File "/Users/mustafatapkan/Desktop/GitHub/open_spiel/venv/lib/python3.8/site-packages/absl/app.py", line 251 in _run_main
  File "/Users/mustafatapkan/Desktop/GitHub/open_spiel/venv/lib/python3.8/site-packages/absl/app.py", line 300 in run
  File "/Users/mustafatapkan/Desktop/GitHub/open_spiel/open_spiel/python/../integration_tests/api_test.py", line 756 in <module>

        Start 115: python_get_all_states_test
  4/186 Test  #93: python_playthrough_test ...........................Child aborted***Exception:  79.02 sec
Running tests under Python 3.8.5: /Users/mustafatapkan/Desktop/GitHub/open_spiel/venv/bin/python3
[ RUN      ] PlaythroughTest.test_playthrough_backgammon(hyper_backgammon=true).txt
[       OK ] PlaythroughTest.test_playthrough_backgammon(hyper_backgammon=true).txt
[ RUN      ] PlaythroughTest.test_playthrough_backgammon.txt
[       OK ] PlaythroughTest.test_playthrough_backgammon.txt
[ RUN      ] PlaythroughTest.test_playthrough_battleship.txt
[       OK ] PlaythroughTest.test_playthrough_battleship.txt
[ RUN      ] PlaythroughTest.test_playthrough_blackjack.txt
[       OK ] PlaythroughTest.test_playthrough_blackjack.txt
[ RUN      ] PlaythroughTest.test_playthrough_blotto.txt
[       OK ] PlaythroughTest.test_playthrough_blotto.txt
[ RUN      ] PlaythroughTest.test_playthrough_breakthrough.txt
[       OK ] PlaythroughTest.test_playthrough_breakthrough.txt
[ RUN      ] PlaythroughTest.test_playthrough_bridge(use_double_dummy_result=false).txt
[       OK ] PlaythroughTest.test_playthrough_bridge(use_double_dummy_result=false).txt
[ RUN      ] PlaythroughTest.test_playthrough_bridge.txt
[       OK ] PlaythroughTest.test_playthrough_bridge.txt
[ RUN      ] PlaythroughTest.test_playthrough_bridge_uncontested_bidding-2NT.txt
[       OK ] PlaythroughTest.test_playthrough_bridge_uncontested_bidding-2NT.txt
[ RUN      ] PlaythroughTest.test_playthrough_bridge_uncontested_bidding.txt
[       OK ] PlaythroughTest.test_playthrough_bridge_uncontested_bidding.txt
[ RUN      ] PlaythroughTest.test_playthrough_catch.txt
[       OK ] PlaythroughTest.test_playthrough_catch.txt
[ RUN      ] PlaythroughTest.test_playthrough_chess.txt
[       OK ] PlaythroughTest.test_playthrough_chess.txt
[ RUN      ] PlaythroughTest.test_playthrough_cliff_walking.txt
[       OK ] PlaythroughTest.test_playthrough_cliff_walking.txt
[ RUN      ] PlaythroughTest.test_playthrough_clobber.txt
[       OK ] PlaythroughTest.test_playthrough_clobber.txt
[ RUN      ] PlaythroughTest.test_playthrough_coin_game.txt
[       OK ] PlaythroughTest.test_playthrough_coin_game.txt
[ RUN      ] PlaythroughTest.test_playthrough_connect_four.txt
[       OK ] PlaythroughTest.test_playthrough_connect_four.txt
[ RUN      ] PlaythroughTest.test_playthrough_coop_box_pushing.txt
[       OK ] PlaythroughTest.test_playthrough_coop_box_pushing.txt
[ RUN      ] PlaythroughTest.test_playthrough_coop_to_1p(game=tiny_bridge_2p()).txt
[       OK ] PlaythroughTest.test_playthrough_coop_to_1p(game=tiny_bridge_2p()).txt
[ RUN      ] PlaythroughTest.test_playthrough_coop_to_1p(game=tiny_hanabi()).txt
[       OK ] PlaythroughTest.test_playthrough_coop_to_1p(game=tiny_hanabi()).txt
[ RUN      ] PlaythroughTest.test_playthrough_coordinated_mp.txt
[       OK ] PlaythroughTest.test_playthrough_coordinated_mp.txt
[ RUN      ] PlaythroughTest.test_playthrough_cursor_go(board_size=5,max_cursor_moves=7).txt
[       OK ] PlaythroughTest.test_playthrough_cursor_go(board_size=5,max_cursor_moves=7).txt
[ RUN      ] PlaythroughTest.test_playthrough_dark_hex.txt
Assertion failed: (false && "i < size()"), function operator(), file /Users/mustafatapkan/Desktop/GitHub/open_spiel/open_spiel/../open_spiel/abseil-cpp/absl/types/span.h, line 278.
Fatal Python error: Aborted

Current thread 0x0000000115dace00 (most recent call first):
  File "/Users/mustafatapkan/Desktop/GitHub/open_spiel/open_spiel/python/observation.py", line 68 in __init__
  File "/Users/mustafatapkan/Desktop/GitHub/open_spiel/open_spiel/python/observation.py", line 101 in make_observation
  File "/Users/mustafatapkan/Desktop/GitHub/open_spiel/open_spiel/python/algorithms/generate_playthrough.py", line 154 in playthrough_lines
  File "/Users/mustafatapkan/Desktop/GitHub/open_spiel/open_spiel/python/algorithms/generate_playthrough.py", line 106 in playthrough
  File "/Users/mustafatapkan/Desktop/GitHub/open_spiel/open_spiel/python/algorithms/generate_playthrough.py", line 401 in replay
  File "/Users/mustafatapkan/Desktop/GitHub/open_spiel/open_spiel/python/../integration_tests/playthrough_test.py", line 63 in run_test
  File "/Users/mustafatapkan/Desktop/GitHub/open_spiel/open_spiel/python/../integration_tests/playthrough_test.py", line 80 in <lambda>
  File "/Users/mustafatapkan/anaconda3/lib/python3.8/unittest/case.py", line 633 in _callTestMethod
  File "/Users/mustafatapkan/anaconda3/lib/python3.8/unittest/case.py", line 676 in run
  File "/Users/mustafatapkan/anaconda3/lib/python3.8/unittest/case.py", line 736 in __call__
  File "/Users/mustafatapkan/anaconda3/lib/python3.8/unittest/suite.py", line 122 in run
  File "/Users/mustafatapkan/anaconda3/lib/python3.8/unittest/suite.py", line 84 in __call__
  File "/Users/mustafatapkan/anaconda3/lib/python3.8/unittest/suite.py", line 122 in run
  File "/Users/mustafatapkan/anaconda3/lib/python3.8/unittest/suite.py", line 84 in __call__
  File "/Users/mustafatapkan/anaconda3/lib/python3.8/unittest/runner.py", line 176 in run
  File "/Users/mustafatapkan/Desktop/GitHub/open_spiel/venv/lib/python3.8/site-packages/absl/testing/_pretty_print_reporter.py", line 87 in run
  File "/Users/mustafatapkan/anaconda3/lib/python3.8/unittest/main.py", line 271 in runTests
  File "/Users/mustafatapkan/anaconda3/lib/python3.8/unittest/main.py", line 101 in __init__
  File "/Users/mustafatapkan/Desktop/GitHub/open_spiel/venv/lib/python3.8/site-packages/absl/testing/absltest.py", line 2401 in _run_and_get_tests_result
  File "/Users/mustafatapkan/Desktop/GitHub/open_spiel/venv/lib/python3.8/site-packages/absl/testing/absltest.py", line 2430 in run_tests
  File "/Users/mustafatapkan/Desktop/GitHub/open_spiel/venv/lib/python3.8/site-packages/absl/testing/absltest.py", line 2114 in main_function
  File "/Users/mustafatapkan/Desktop/GitHub/open_spiel/venv/lib/python3.8/site-packages/absl/app.py", line 251 in _run_main
  File "/Users/mustafatapkan/Desktop/GitHub/open_spiel/venv/lib/python3.8/site-packages/absl/app.py", line 300 in run
  File "/Users/mustafatapkan/Desktop/GitHub/open_spiel/venv/lib/python3.8/site-packages/absl/testing/absltest.py", line 2116 in _run_in_app
  File "/Users/mustafatapkan/Desktop/GitHub/open_spiel/venv/lib/python3.8/site-packages/absl/testing/absltest.py", line 1999 in main
  File "/Users/mustafatapkan/Desktop/GitHub/open_spiel/open_spiel/python/../integration_tests/playthrough_test.py", line 87 in <module>

        Start  12: history_tree_test
  5/186 Test  #97: python_model_test .................................   Passed  124.24 sec
        Start  77: stones_and_gems_test
  6/186 Test  #84: y_test ............................................   Passed  132.80 sec
        Start  72: pig_test
  7/186 Test #102: python_deep_cfr_tf2_test ..........................   Passed  138.21 sec
        Start 132: python_rcfr_test
  8/186 Test  #33: battleship_test ...................................   Passed  149.99 sec
        Start  39: chess_test
  9/186 Test #115: python_get_all_states_test ........................   Passed  111.60 sec
        Start  73: quoridor_test
 10/186 Test #158: python_sampled_stochastic_games_test ..............   Passed  170.41 sec
        Start 110: python_exploitability_test
 11/186 Test #109: python_exploitability_descent_test ................   Passed  175.27 sec
        Start 128: python_projected_replicator_dynamics_test
 12/186 Test #155: python_policy_test ................................   Passed  180.84 sec
        Start   5: corr_dev_builder_test
 13/186 Test #156: python_pyspiel_test ...............................   Passed  182.59 sec
        Start  54: havannah_test
 14/186 Test  #12: history_tree_test .................................   Passed  109.39 sec
        Start 103: python_discounted_cfr_test
 15/186 Test  #17: oos_test ..........................................   Passed  204.43 sec
        Start 129: python_best_response_oracle_test
 16/186 Test #132: python_rcfr_test ..................................   Passed   68.39 sec
        Start  76: solitaire_test
 17/186 Test #185: spiel_test ........................................   Passed  207.54 sec
        Start 111: python_external_sampling_mccfr_test
 18/186 Test  #72: pig_test ..........................................   Passed   75.03 sec
        Start   4: corr_dist_test
 19/186 Test  #39: chess_test ........................................   Passed   75.71 sec
        Start 159: python_tensor_game_utils_test
 20/186 Test  #77: stones_and_gems_test ..............................   Passed  107.41 sec
        Start  50: first_sealed_auction_test
 21/186 Test   #8: external_sampling_mccfr_test ......................   Passed  234.78 sec
        Start 170: python_examples_bridge_supervised_learning
 22/186 Test  #73: quoridor_test .....................................   Passed   73.80 sec
        Start  49: efg_game_test
 23/186 Test  #89: normal_form_extensive_game_test ...................   Passed  238.02 sec
        Start 127: python_policy_gradient_test
 24/186 Test #110: python_exploitability_test ........................   Passed   72.60 sec
        Start 137: python_is_mcts_test
 25/186 Test #128: python_projected_replicator_dynamics_test .........   Passed   71.47 sec
        Start  13: infostate_tree_test
 26/186 Test  #18: outcome_sampling_mccfr_test .......................   Passed  249.62 sec
        Start 149: python_tic_tac_toe_test
 27/186 Test #124: python_outcome_sampling_mccfr_test ................   Passed  256.49 sec
        Start 152: python_games_sim_test
 28/186 Test  #54: havannah_test .....................................   Passed   74.70 sec
        Start 101: python_deep_cfr_test
 29/186 Test   #5: corr_dev_builder_test .............................   Passed   77.84 sec
        Start  88: efg_writer_test
 30/186 Test #103: python_discounted_cfr_test ........................   Passed   75.73 sec
        Start 119: python_mcts_test
 31/186 Test #112: python_fictitious_play_test .......................   Passed  268.96 sec
        Start   7: evaluate_bots_test
 32/186 Test #111: python_external_sampling_mccfr_test ...............   Passed   68.22 sec
        Start  28: policy_iteration_example_test
 33/186 Test #129: python_best_response_oracle_test ..................   Passed   72.86 sec
        Start  20: tabular_exploitability_test
 34/186 Test  #99: python_cfr_br_test ................................   Passed  277.98 sec
        Start 107: python_evaluate_bots_test
 35/186 Test  #76: solitaire_test ....................................   Passed   72.88 sec
        Start  32: backgammon_test
 36/186 Test   #4: corr_dist_test ....................................   Passed   72.00 sec
        Start  14: is_mcts_test
 37/186 Test #159: python_tensor_game_utils_test .....................   Passed   56.53 sec
        Start  85: turn_based_simultaneous_game_test
 38/186 Test #127: python_policy_gradient_test .......................   Passed   50.87 sec
        Start 117: python_lp_solver_test
 39/186 Test  #50: first_sealed_auction_test .........................   Passed   58.81 sec
        Start  81: tiny_bridge_test
 40/186 Test #134: python_value_iteration_test .......................   Passed  291.57 sec
        Start  44: coop_box_pushing_test
 41/186 Test #170: python_examples_bridge_supervised_learning ........   Passed   57.19 sec
        Start 106: python_eva_test
 42/186 Test  #49: efg_game_test .....................................   Passed   58.20 sec
        Start  61: markov_soccer_test
 43/186 Test #149: python_tic_tac_toe_test ...........................   Passed   46.90 sec
        Start  29: value_iteration_example_test
 44/186 Test #137: python_is_mcts_test ...............................   Passed   54.63 sec
        Start 163: python_rcfr_pytorch_test
 45/186 Test  #13: infostate_tree_test ...............................   Passed   52.41 sec
        Start  37: bridge_test
 46/186 Test #152: python_games_sim_test .............................   Passed   43.94 sec
        Start 121: python_neurd_test
 47/186 Test #101: python_deep_cfr_test ..............................   Passed   44.98 sec
        Start 122: python_nfsp_test
 48/186 Test  #88: efg_writer_test ...................................   Passed   44.25 sec
        Start 167: python_eva_pytorch_test
 49/186 Test  #85: turn_based_simultaneous_game_test .................   Passed   26.83 sec
        Start 133: python_sequence_form_lp_test
 50/186 Test #107: python_evaluate_bots_test .........................   Passed   32.57 sec
        Start  96: python_evaluator_test
 51/186 Test  #32: backgammon_test ...................................   Passed   31.25 sec
        Start  55: hearts_test
 52/186 Test  #20: tabular_exploitability_test .......................   Passed   33.99 sec
        Start 166: python_deep_cfr_pytorch_test
 53/186 Test   #7: evaluate_bots_test ................................   Passed   43.01 sec
        Start  21: tensor_game_utils_test
 54/186 Test #117: python_lp_solver_test .............................   Passed   23.15 sec
        Start  10: get_all_states_test
 55/186 Test #119: python_mcts_test ..................................   Passed   48.13 sec
        Start 105: python_dqn_test
 56/186 Test  #28: policy_iteration_example_test .....................   Passed   37.03 sec
        Start   9: get_all_histories_test
 57/186 Test  #14: is_mcts_test ......................................   Passed   32.21 sec
        Start  98: python_best_response_test
 58/186 Test  #81: tiny_bridge_test ..................................   Passed   22.86 sec
        Start  64: negotiation_test
 59/186 Test #106: python_eva_test ...................................   Passed   22.89 sec
        Start 130: python_strategy_selectors_test
 60/186 Test  #44: coop_box_pushing_test .............................   Passed   23.35 sec
        Start 118: python_masked_softmax_test
 61/186 Test #163: python_rcfr_pytorch_test ..........................   Passed   18.78 sec
        Start  68: othello_test
 62/186 Test  #61: markov_soccer_test ................................   Passed   22.06 sec
        Start  53: goofspiel_test
 63/186 Test  #29: value_iteration_example_test ......................   Passed   21.40 sec
        Start 151: python_games_bridge_test
 64/186 Test #167: python_eva_pytorch_test ...........................   Passed   16.01 sec
        Start  74: sheriff_test
 65/186 Test  #37: bridge_test .......................................   Passed   19.93 sec
        Start  58: leduc_poker_test
 66/186 Test #121: python_neurd_test .................................   Passed   19.20 sec
        Start 116: python_rl_losses_test
 67/186 Test #122: python_nfsp_test ..................................   Passed   18.27 sec
        Start  38: catch_test
 68/186 Test #166: python_deep_cfr_pytorch_test ......................   Passed   14.56 sec
        Start  52: go_test
 69/186 Test #133: python_sequence_form_lp_test ......................   Passed   16.57 sec
        Start 153: python_matrix_game_utils_test
 70/186 Test  #21: tensor_game_utils_test ............................   Passed   14.10 sec
        Start 144: python_visualization_test
 71/186 Test #105: python_dqn_test ...................................   Passed   14.63 sec
        Start 126: python_policy_aggregator_test
 72/186 Test #118: python_masked_softmax_test ........................   Passed   12.10 sec
        Start  36: breakthrough_test
 73/186 Test  #55: hearts_test .......................................   Passed   16.40 sec
        Start  41: clobber_test
 74/186 Test  #96: python_evaluator_test .............................   Passed   16.82 sec
        Start 169: python_policy_gradient_pytorch_test
 75/186 Test  #98: python_best_response_test .........................   Passed   14.72 sec
        Start 165: python_nfsp_pytorch_test
 76/186 Test #130: python_strategy_selectors_test ....................   Passed   13.13 sec
        Start  94: python_action_value_test
 77/186 Test  #64: negotiation_test ..................................   Passed   14.76 sec
        Start  66: oh_hell_test
 78/186 Test  #10: get_all_states_test ...............................   Passed   16.83 sec
        Start 125: python_policy_aggregator_joint_test
 79/186 Test  #53: goofspiel_test ....................................   Passed   12.39 sec
        Start  42: coin_game_test
 80/186 Test  #68: othello_test ......................................   Passed   13.05 sec
        Start  24: cfr_example_test
 81/186 Test   #9: get_all_histories_test ............................   Passed   16.96 sec
        Start  27: mcts_example_test
 82/186 Test  #38: catch_test ........................................   Passed    9.20 sec
        Start 164: python_dqn_pytorch_test
 83/186 Test  #74: sheriff_test ......................................   Passed   11.10 sec
        Start 150: python_bot_test
 84/186 Test #151: python_games_bridge_test ..........................   Passed   12.24 sec
        Start 186: action_view_test
 85/186 Test #116: python_rl_losses_test .............................   Passed   11.26 sec
        Start  15: matrix_game_utils_test
 86/186 Test  #58: leduc_poker_test ..................................   Passed   12.04 sec
        Start  70: pentago_test
 87/186 Test #186: action_view_test ..................................   Passed    2.66 sec
        Start  51: gin_rummy_test
 88/186 Test #169: python_policy_gradient_pytorch_test ...............   Passed    6.63 sec
        Start 104: python_double_oracle_test
 89/186 Test #165: python_nfsp_pytorch_test ..........................   Passed    6.81 sec
        Start  78: tarok_test
 90/186 Test  #24: cfr_example_test ..................................   Passed    4.89 sec
        Start  56: hex_test
 91/186 Test  #52: go_test ...........................................   Passed    8.87 sec
        Start 180: run_python_test
 92/186 Test #164: python_dqn_pytorch_test ...........................   Passed    5.04 sec
        Start  43: connect_four_test
 93/186 Test  #36: breakthrough_test .................................   Passed    7.97 sec
        Start  16: minimax_test
 94/186 Test #125: python_policy_aggregator_joint_test ...............   Passed    6.22 sec
        Start  59: lewis_signaling_test
 95/186 Test  #94: python_action_value_test ..........................   Passed    7.22 sec
        Start  86: misere_test
 96/186 Test #153: python_matrix_game_utils_test .....................   Passed    9.36 sec
        Start  75: skat_test
 97/186 Test #150: python_bot_test ...................................   Passed    5.19 sec
        Start  60: liars_dice_test
 98/186 Test  #66: oh_hell_test ......................................   Passed    6.68 sec
        Start 174: file_test
 99/186 Test #144: python_visualization_test .........................   Passed    9.27 sec
        Start 171: circular_buffer_test
100/186 Test  #41: clobber_test ......................................   Passed    8.11 sec
        Start 172: combinatorics_test
101/186 Test  #27: mcts_example_test .................................   Passed    5.61 sec
        Start  71: phantom_ttt_test
102/186 Test  #42: coin_game_test ....................................   Passed    6.01 sec
        Start  30: sarsa_example_test
103/186 Test #126: python_policy_aggregator_test .....................   Passed    9.09 sec
        Start  69: oware_test
104/186 Test  #15: matrix_game_utils_test ............................   Passed    5.42 sec
        Start  48: deep_sea_test
105/186 Test  #70: pentago_test ......................................   Passed    5.74 sec
        Start  90: repeated_game_test
106/186 Test  #51: gin_rummy_test ....................................   Passed    4.40 sec
        Start  87: coop_to_1p_test
107/186 Test #180: run_python_test ...................................   Passed    2.73 sec
        Start  45: coordinated_mp_test
108/186 Test  #78: tarok_test ........................................   Passed    3.22 sec
        Start  62: matching_pennies_3p_test
109/186 Test #104: python_double_oracle_test .........................   Passed    3.71 sec
        Start  19: state_distribution_test
110/186 Test  #56: hex_test ..........................................   Passed    3.27 sec
        Start 184: threaded_queue_test
111/186 Test  #43: connect_four_test .................................   Passed    2.90 sec
        Start 177: logger_test
112/186 Test  #16: minimax_test ......................................   Passed    2.93 sec
        Start  31: observation_history_test
113/186 Test  #59: lewis_signaling_test ..............................   Passed    3.53 sec
        Start  25: example_test
114/186 Test  #86: misere_test .......................................   Passed    3.99 sec
        Start 175: functional_test
115/186 Test  #75: skat_test .........................................   Passed    4.23 sec
        Start   1: best_response_test
116/186 Test  #60: liars_dice_test ...................................   Passed    4.53 sec
        Start 173: data_logger_test
117/186 Test #174: file_test .........................................   Passed    4.69 sec
        Start  23: benchmark_game_test
118/186 Test #171: circular_buffer_test ..............................   Passed    5.06 sec
        Start  46: cursor_go_test
119/186 Test #172: combinatorics_test ................................   Passed    5.44 sec
        Start   6: deterministic_policy_test
120/186 Test  #71: phantom_ttt_test ..................................   Passed    6.06 sec
        Start 178: lru_cache_test
121/186 Test  #30: sarsa_example_test ................................   Passed    6.22 sec
        Start  57: kuhn_poker_test
122/186 Test   #3: cfr_br_test .......................................   Passed  342.19 sec
        Start  40: cliff_walking_test
123/186 Test  #69: oware_test ........................................   Passed    6.63 sec
        Start  67: oshi_zumo_test
124/186 Test  #48: deep_sea_test .....................................   Passed    6.32 sec
        Start  83: trade_comm_test
125/186 Test  #90: repeated_game_test ................................   Passed    6.00 sec
        Start  79: tic_tac_toe_test
126/186 Test  #87: coop_to_1p_test ...................................   Passed    6.30 sec
        Start  65: nfg_game_test
127/186 Test  #45: coordinated_mp_test ...............................   Passed    6.35 sec
        Start  34: blackjack_test
128/186 Test  #62: matching_pennies_3p_test ..........................   Passed    6.66 sec
        Start 183: thread_test
129/186 Test  #19: state_distribution_test ...........................   Passed    7.30 sec
        Start  11: get_legal_actions_map_test
130/186 Test #184: threaded_queue_test ...............................   Passed    7.50 sec
        Start 182: tensor_view_test
131/186 Test #177: logger_test .......................................   Passed    7.85 sec
        Start 181: stats_test
132/186 Test  #31: observation_history_test ..........................   Passed    8.02 sec
        Start 179: random_test
133/186 Test  #25: example_test ......................................   Passed    7.76 sec
        Start  35: blotto_test
134/186 Test #175: functional_test ...................................   Passed    7.47 sec
        Start  63: matrix_games_test
135/186 Test   #1: best_response_test ................................   Passed    7.61 sec
        Start 176: json_test
136/186 Test #173: data_logger_test ..................................   Passed    7.56 sec
        Start  82: tiny_hanabi_test
137/186 Test  #23: benchmark_game_test ...............................   Passed    7.72 sec
        Start  91: start_at_test
138/186 Test  #46: cursor_go_test ....................................   Passed    8.11 sec
        Start 139: python_alpharank_test
139/186 Test   #6: deterministic_policy_test .........................   Passed    7.95 sec
        Start 120: python_minimax_test
140/186 Test #178: lru_cache_test ....................................   Passed    7.36 sec
        Start 168: python_rl_losses_pytorch_test
141/186 Test  #40: cliff_walking_test ................................   Passed    7.71 sec
        Start 140: python_alpharank_visualizer_test
142/186 Test  #57: kuhn_poker_test ...................................   Passed    8.43 sec
        Start  26: matrix_example_test
143/186 Test  #26: matrix_example_test ...............................   Passed    0.02 sec
        Start 148: python_kuhn_poker_test
144/186 Test #120: python_minimax_test ...............................   Passed    1.63 sec
        Start 123: python_noisy_policy_test
145/186 Test #139: python_alpharank_test .............................   Passed    2.02 sec
        Start 143: python_utils_test
146/186 Test #168: python_rl_losses_pytorch_test .....................   Passed    1.77 sec
        Start 114: python_generate_playthrough_test
147/186 Test  #83: trade_comm_test ...................................   Passed    8.30 sec
        Start 147: python_data_test
148/186 Test #123: python_noisy_policy_test ..........................   Passed    1.16 sec
        Start 157: python_rl_environment_test
149/186 Test #148: python_kuhn_poker_test ............................   Passed    1.42 sec
        Start 113: python_gambit_test
150/186 Test  #79: tic_tac_toe_test ..................................   Passed    8.64 sec
        Start  95: python_action_value_vs_best_response_test
151/186 Test #114: python_generate_playthrough_test ..................   Passed    1.05 sec
        Start 141: python_dynamics_test
152/186 Test #143: python_utils_test .................................   Passed    1.29 sec
        Start 146: python_cliff_walking_test
153/186 Test #147: python_data_test ..................................   Passed    1.25 sec
        Start 108: python_expected_game_score_test
154/186 Test #140: python_alpharank_visualizer_test ..................   Passed    2.41 sec
        Start 142: python_heuristic_payoff_table_test
155/186 Test  #67: oshi_zumo_test ....................................   Passed    9.79 sec
        Start 145: python_catch_test
156/186 Test  #65: nfg_game_test .....................................   Passed    8.96 sec
        Start 131: python_random_agent_test
157/186 Test  #34: blackjack_test ....................................   Passed    8.80 sec
        Start 154: python_observation_history_test
158/186 Test #113: python_gambit_test ................................   Passed    1.20 sec
        Start 138: python_uniform_random_test
159/186 Test #157: python_rl_environment_test ........................   Passed    1.28 sec
        Start 136: python_bluechip_bridge_uncontested_bidding_test
160/186 Test #183: thread_test .......................................   Passed    8.51 sec
        Start 135: python_bluechip_bridge_test
161/186 Test  #95: python_action_value_vs_best_response_test .........   Passed    1.32 sec
        Start 160: python_file_logger_test
162/186 Test #141: python_dynamics_test ..............................   Passed    1.28 sec
        Start 161: python_lru_cache_test
163/186 Test #146: python_cliff_walking_test .........................   Passed    1.30 sec
164/186 Test #160: python_file_logger_test ...........................   Passed    0.41 sec
165/186 Test #161: python_lru_cache_test .............................   Passed    0.40 sec
166/186 Test #108: python_expected_game_score_test ...................   Passed    1.25 sec
167/186 Test #142: python_heuristic_payoff_table_test ................   Passed    1.25 sec
168/186 Test #154: python_observation_history_test ...................   Passed    0.97 sec
169/186 Test #145: python_catch_test .................................   Passed    1.23 sec
170/186 Test #138: python_uniform_random_test ........................   Passed    0.88 sec
171/186 Test  #11: get_legal_actions_map_test ........................   Passed    8.66 sec
172/186 Test #131: python_random_agent_test ..........................   Passed    1.18 sec
173/186 Test #136: python_bluechip_bridge_uncontested_bidding_test ...   Passed    0.85 sec
174/186 Test #135: python_bluechip_bridge_test .......................   Passed    0.85 sec
175/186 Test #182: tensor_view_test ..................................   Passed    8.62 sec
176/186 Test #181: stats_test ........................................   Passed    8.52 sec
177/186 Test #179: random_test .......................................   Passed    8.51 sec
178/186 Test  #35: blotto_test .......................................   Passed    8.83 sec
179/186 Test  #63: matrix_games_test .................................   Passed    8.76 sec
180/186 Test #176: json_test .........................................   Passed    9.01 sec
181/186 Test  #82: tiny_hanabi_test ..................................   Passed    9.37 sec
182/186 Test  #91: start_at_test .....................................   Passed    9.48 sec
183/186 Test  #22: trajectories_test .................................   Passed  366.59 sec
184/186 Test #100: python_cfr_test ...................................   Passed  368.14 sec
185/186 Test   #2: cfr_test ..........................................   Passed  390.64 sec
186/186 Test  #80: laser_tag_test ....................................   Passed  397.34 sec

98% tests passed, 4 tests failed out of 186

Total Test time (real) = 397.44 sec

The following tests FAILED:
	 47 - dark_hex_test (Child aborted)
	 92 - python_api_test (Child aborted)
	 93 - python_playthrough_test (Child aborted)
	162 - python_spawn_test (Failed)
Errors while running CTest
[31mAt least one test failed.\e[0m
If this is the first time you have run these tests, try:
pip3 install -r requirements.txt
Note that outside a virtualenv, you will need to install the system 
wide matplotlib: sudo apt-get install python-matplotlib
Exiting virtualenv
